============================================================================
dwdm-vdr: Exact DWDM Fiber Propagation Simulator
  All arithmetic on Q335 basis (D = 2^335)
  Float64 comparison in parallel
  Zero accumulated arithmetic error by construction
============================================================================

--- Test: Zero Distance ---
  Power preserved exactly: True
  PASS

--- Test: Single Channel Attenuation ---
    Precomputing twiddles...
    Twiddles done.
    Step 1/10 L N L done
    Step 2/10 L N L done
    Step 3/10 L N L done
    Step 4/10 L N L done
    Step 5/10 L N L done
    Step 6/10 L N L done
    Step 7/10 L N L done
    Step 8/10 L N L done
    Step 9/10 L N L done
    Step 10/10 L N L done
  Pin:   1.000000e-03 W
  Pout:  9.120108e-04 W
  Ratio: 0.912010 (expected ~0.955 for 0.2 dB/km)
  PASS

--- Test: Channel Symmetry ---
    Precomputing twiddles...
    Twiddles done.
    Step 1/5 L N L done
    Step 2/5 L N L done
    Step 3/5 L N L done
    Step 4/5 L N L done
    Step 5/5 L N L done
  Ch0 vs Ch3: 9.120244e-04 vs 9.120244e-04 OK
  Ch1 vs Ch2: 9.120244e-04 vs 9.120244e-04 OK
  Symmetric: True
  PASS

--- Test: Datacenter ---
Running: Datacenter 2km 4ch
  1 spans x 5 steps = 5 total
  4 channels
    Precomputing twiddles...
    Twiddles done.
    Step 1/5 L N F L done
    Step 2/5 L N F L done
    Step 3/5 L N F L done
    Step 4/5 L N F L done
    Step 5/5 L N F L done
============================================================================
VDR-DWDM SIMULATION REPORT: Datacenter 2km 4ch
============================================================================

  Distance:       2.0 km
  Spans:          1
  Channels:       4
  Steps/span:     5
  Total steps:    5
  VDR time:       0.06 s
  Float time:     0.00 s
  XPM:            True
  FWM:            True

----------------------------------------------------------------------------
PER-CHANNEL RESULTS
----------------------------------------------------------------------------
    Ch     Freq(THz)    Pin(dBm)    Pout(dBm)      NLphase     VDR-Float
  ----    ----------   ---------   ----------     --------   -----------
     0      193.0625        0.00      -0.7997     0.016622      9.62e-02
     1      193.0875        0.00      -0.7997     0.016622      9.62e-02
     2      193.1125        0.00      -0.7997     0.016622      9.62e-02
     3      193.1375        0.00      -0.7997     0.016622      9.62e-02

----------------------------------------------------------------------------
DRIFT SUMMARY
----------------------------------------------------------------------------
  Max VDR-vs-float relative drift:  9.62e-02
  VDR accumulated arithmetic error:  0 (exact)
  Total VDR arithmetic operations:   ~1000

============================================================================

--- Test: Metro ---
Running: Metro 160km 4ch
  2 spans x 5 steps = 10 total
  4 channels
  Span 1/2...
    Precomputing twiddles...
    Twiddles done.
    Step 1/5 L N L done
    Step 2/5 L N L done
    Step 3/5 L N L done
    Step 4/5 L N L done
    Step 5/5 L N L done
  Span 2/2...
    Step 1/5 L N L done
    Step 2/5 L N L done
    Step 3/5 L N L done
    Step 4/5 L N L done
    Step 5/5 L N L done
============================================================================
VDR-DWDM SIMULATION REPORT: Metro 160km 4ch
============================================================================

  Distance:       160.0 km
  Spans:          2
  Channels:       4
  Steps/span:     5
  Total steps:    10
  VDR time:       18.05 s
  Float time:     0.00 s
  XPM:            True
  FWM:            False

----------------------------------------------------------------------------
PER-CHANNEL RESULTS
----------------------------------------------------------------------------
    Ch     Freq(THz)    Pin(dBm)    Pout(dBm)      NLphase     VDR-Float
  ----    ----------   ---------   ----------     --------   -----------
     0      192.9500        0.00          inf          inf           nan
     1      193.0500        0.00          inf          inf           nan
     2      193.1500        0.00          inf          inf           nan
     3      193.2500        0.00          inf          inf           nan

----------------------------------------------------------------------------
DRIFT SUMMARY
----------------------------------------------------------------------------
  Max VDR-vs-float relative drift:  0.00e+00
  VDR accumulated arithmetic error:  0 (exact)
  Total VDR arithmetic operations:   ~2000

============================================================================

--- Test: Transoceanic (Mini) ---
Running: Transoceanic 160km 4ch
  2 spans x 3 steps = 6 total
  4 channels
  Span 1/2...
    Precomputing twiddles...
    Twiddles done.
    Step 1/3 L N L done
    Step 2/3 L N L done
    Step 3/3 L N L done
  Span 2/2...
    Step 1/3 L N L done
    Step 2/3 L N L done
    Step 3/3 L N L done
============================================================================
VDR-DWDM SIMULATION REPORT: Transoceanic 160km 4ch
============================================================================

  Distance:       160.0 km
  Spans:          2
  Channels:       4
  Steps/span:     3
  Total steps:    6
  VDR time:       0.10 s
  Float time:     0.00 s
  XPM:            True
  FWM:            False

----------------------------------------------------------------------------
PER-CHANNEL RESULTS
----------------------------------------------------------------------------
    Ch     Freq(THz)    Pin(dBm)    Pout(dBm)      NLphase     VDR-Float
  ----    ----------   ---------   ----------     --------   -----------
     0      193.0250        0.00          inf          inf           nan
     1      193.0750        0.00          inf          inf           nan
     2      193.1250        0.00          inf          inf           nan
     3      193.1750        0.00          inf          inf           nan

----------------------------------------------------------------------------
DRIFT SUMMARY
----------------------------------------------------------------------------
  Max VDR-vs-float relative drift:  0.00e+00
  VDR accumulated arithmetic error:  0 (exact)
  Total VDR arithmetic operations:   ~1200

============================================================================

============================================================================
ALL TESTS COMPLETE
============================================================================

Full-scale:
  config = transoceanic_config(n_channels=96, n_spans=125)
  result = run_simulation(config)
  print(result.report())
  